This is pdfTeX, Version 3.1415926-2.5-1.40.14 (TeX Live 2013/Debian) (format=pdflatex 2015.9.30)  2 FEB 2016 13:26
entering extended mode
 restricted \write18 enabled.
 %&-line parsing enabled.
**analysis_note.tex
(./analysis_note.tex
LaTeX2e <2011/06/27>
Babel <3.9h> and hyphenation patterns for 78 languages loaded.
(./cmspaper.cls
CMS paper style Version <0.4>, <25 Nov. 1996>
based on Document Style 'CERNART' Version <2.1>, <1 May 1995>
Document Class: cmspaper 1996/11/25
(/usr/share/texlive/texmf-dist/tex/latex/base/article.cls
Document Class: article 2007/10/19 v1.4h Standard LaTeX document class
(/usr/share/texlive/texmf-dist/tex/latex/base/size10.clo
File: size10.clo 2007/10/19 v1.4h Standard LaTeX file (size option)
)
\c@part=\count79
\c@section=\count80
\c@subsection=\count81
\c@subsubsection=\count82
\c@paragraph=\count83
\c@subparagraph=\count84
\c@figure=\count85
\c@table=\count86
\abovecaptionskip=\skip41
\belowcaptionskip=\skip42
\bibindent=\dimen102
)
\c@instfoot=\count87

(/usr/share/texlive/texmf-dist/tex/latex/graphics/graphics.sty
Package: graphics 2009/02/05 v1.0o Standard LaTeX Graphics (DPC,SPQR)

(/usr/share/texlive/texmf-dist/tex/latex/graphics/trig.sty
Package: trig 1999/03/16 v1.09 sin cos tan (DPC)
)
(/usr/share/texlive/texmf-dist/tex/latex/latexconfig/graphics.cfg
File: graphics.cfg 2010/04/23 v1.9 graphics configuration of TeX Live
)
Package graphics Info: Driver file: pdftex.def on input line 91.

(/usr/share/texlive/texmf-dist/tex/latex/pdftex-def/pdftex.def
File: pdftex.def 2011/05/27 v0.06d Graphics/color for pdfTeX

(/usr/share/texlive/texmf-dist/tex/generic/oberdiek/infwarerr.sty
Package: infwarerr 2010/04/08 v1.3 Providing info/warning/error messages (HO)
)
(/usr/share/texlive/texmf-dist/tex/generic/oberdiek/ltxcmds.sty
Package: ltxcmds 2011/11/09 v1.22 LaTeX kernel commands for general use (HO)
)
\Gread@gobject=\count88
)))
(/usr/share/texlive/texmf-dist/tex/latex/lineno/lineno.sty
Package: lineno 2005/11/02 line numbers on paragraphs v4.41
\linenopenalty=\count89
\output=\toks14
\linenoprevgraf=\count90
\linenumbersep=\dimen103
\linenumberwidth=\dimen104
\c@linenumber=\count91
\c@pagewiselinenumber=\count92
\c@LN@truepage=\count93
\c@internallinenumber=\count94
\c@internallinenumbers=\count95
\quotelinenumbersep=\dimen105
\bframerule=\dimen106
\bframesep=\dimen107
\bframebox=\box26
LaTeX Info: Redefining \\ on input line 3056.
)
(/usr/share/texmf/tex/latex/feynmf/feynmf.sty
Package: feynmf 1996/12/02 v1.08 LaTeX/Metafont Feynman Diagram Package (ohl)
\@outfmf=\write3
\fmfbuf@=\toks15
\c@fmfgraph=\count96
\grep@infile=\read1
\grep@outfile=\write4
)
(/usr/share/texlive/texmf-dist/tex/latex/graphics/graphicx.sty
Package: graphicx 1999/02/16 v1.0f Enhanced LaTeX Graphics (DPC,SPQR)

(/usr/share/texlive/texmf-dist/tex/latex/graphics/keyval.sty
Package: keyval 1999/03/16 v1.13 key=value parser (DPC)
\KV@toks@=\toks16
)
\Gin@req@height=\dimen108
\Gin@req@width=\dimen109
)
(/usr/share/texlive/texmf-dist/tex/latex/amsfonts/amssymb.sty
Package: amssymb 2013/01/14 v3.01 AMS font symbols

(/usr/share/texlive/texmf-dist/tex/latex/amsfonts/amsfonts.sty
Package: amsfonts 2013/01/14 v3.01 Basic AMSFonts support
\@emptytoks=\toks17
\symAMSa=\mathgroup4
\symAMSb=\mathgroup5
LaTeX Font Info:    Overwriting math alphabet `\mathfrak' in version `bold'
(Font)                  U/euf/m/n --> U/euf/b/n on input line 106.
))
(/usr/share/texlive/texmf-dist/tex/latex/graphics/epsfig.sty
Package: epsfig 1999/02/16 v1.7a (e)psfig emulation (SPQR)
\epsfxsize=\dimen110
\epsfysize=\dimen111
)
(/usr/share/texlive/texmf-dist/tex/latex/oberdiek/epstopdf.sty
Package: epstopdf 2010/02/09 v2.5 Conversion with epstopdf on the fly (HO)

(/usr/share/texlive/texmf-dist/tex/latex/oberdiek/epstopdf-base.sty
Package: epstopdf-base 2010/02/09 v2.5 Base part for package epstopdf

(/usr/share/texlive/texmf-dist/tex/latex/oberdiek/grfext.sty
Package: grfext 2010/08/19 v1.1 Manage graphics extensions (HO)

(/usr/share/texlive/texmf-dist/tex/generic/oberdiek/kvdefinekeys.sty
Package: kvdefinekeys 2011/04/07 v1.3 Define keys (HO)
))
(/usr/share/texlive/texmf-dist/tex/latex/oberdiek/kvoptions.sty
Package: kvoptions 2011/06/30 v3.11 Key value format for package options (HO)

(/usr/share/texlive/texmf-dist/tex/generic/oberdiek/kvsetkeys.sty
Package: kvsetkeys 2012/04/25 v1.16 Key value parser (HO)

(/usr/share/texlive/texmf-dist/tex/generic/oberdiek/etexcmds.sty
Package: etexcmds 2011/02/16 v1.5 Avoid name clashes with e-TeX commands (HO)

(/usr/share/texlive/texmf-dist/tex/generic/oberdiek/ifluatex.sty
Package: ifluatex 2010/03/01 v1.3 Provides the ifluatex switch (HO)
Package ifluatex Info: LuaTeX not detected.
)
Package etexcmds Info: Could not find \expanded.
(etexcmds)             That can mean that you are not using pdfTeX 1.50 or
(etexcmds)             that some package has redefined \expanded.
(etexcmds)             In the latter case, load this package earlier.
)))
(/usr/share/texlive/texmf-dist/tex/generic/oberdiek/pdftexcmds.sty
Package: pdftexcmds 2011/11/29 v0.20 Utility functions of pdfTeX for LuaTeX (HO
)

(/usr/share/texlive/texmf-dist/tex/generic/oberdiek/ifpdf.sty
Package: ifpdf 2011/01/30 v2.3 Provides the ifpdf switch (HO)
Package ifpdf Info: pdfTeX in PDF mode is detected.
)
Package pdftexcmds Info: LuaTeX not detected.
Package pdftexcmds Info: \pdf@primitive is available.
Package pdftexcmds Info: \pdf@ifprimitive is available.
Package pdftexcmds Info: \pdfdraftmode found.
)
Package grfext Info: Graphics extension search list:
(grfext)             [.png,.pdf,.jpg,.mps,.jpeg,.jbig2,.jb2,.PNG,.PDF,.JPG,.JPE
G,.JBIG2,.JB2,.eps]
(grfext)             \AppendGraphicsExtensions on input line 452.

(/usr/share/texlive/texmf-dist/tex/latex/latexconfig/epstopdf-sys.cfg
File: epstopdf-sys.cfg 2010/07/13 v1.3 Configuration of (r)epstopdf for TeX Liv
e
)))
(/usr/share/texlive/texmf-dist/tex/latex/tools/verbatim.sty
Package: verbatim 2003/08/22 v1.5q LaTeX2e package for verbatim enhancements
\every@verbatim=\toks18
\verbatim@line=\toks19
\verbatim@in@stream=\read2
)
(/usr/share/texlive/texmf-dist/tex/latex/amsmath/amsmath.sty
Package: amsmath 2013/01/14 v2.14 AMS math features
\@mathmargin=\skip43

For additional information on amsmath, use the `?' option.
(/usr/share/texlive/texmf-dist/tex/latex/amsmath/amstext.sty
Package: amstext 2000/06/29 v2.01

(/usr/share/texlive/texmf-dist/tex/latex/amsmath/amsgen.sty
File: amsgen.sty 1999/11/30 v2.0
\@emptytoks=\toks20
\ex@=\dimen112
))
(/usr/share/texlive/texmf-dist/tex/latex/amsmath/amsbsy.sty
Package: amsbsy 1999/11/29 v1.2d
\pmbraise@=\dimen113
)
(/usr/share/texlive/texmf-dist/tex/latex/amsmath/amsopn.sty
Package: amsopn 1999/12/14 v2.01 operator names
)
\inf@bad=\count97
LaTeX Info: Redefining \frac on input line 210.
\uproot@=\count98
\leftroot@=\count99
LaTeX Info: Redefining \overline on input line 306.
\classnum@=\count100
\DOTSCASE@=\count101
LaTeX Info: Redefining \ldots on input line 378.
LaTeX Info: Redefining \dots on input line 381.
LaTeX Info: Redefining \cdots on input line 466.
\Mathstrutbox@=\box27
\strutbox@=\box28
\big@size=\dimen114
LaTeX Font Info:    Redeclaring font encoding OML on input line 566.
LaTeX Font Info:    Redeclaring font encoding OMS on input line 567.
\macc@depth=\count102
\c@MaxMatrixCols=\count103
\dotsspace@=\muskip10
\c@parentequation=\count104
\dspbrk@lvl=\count105
\tag@help=\toks21
\row@=\count106
\column@=\count107
\maxfields@=\count108
\andhelp@=\toks22
\eqnshift@=\dimen115
\alignsep@=\dimen116
\tagshift@=\dimen117
\tagwidth@=\dimen118
\totwidth@=\dimen119
\lineht@=\dimen120
\@envbody=\toks23
\multlinegap=\skip44
\multlinetaggap=\skip45
\mathdisplay@stack=\toks24
LaTeX Info: Redefining \[ on input line 2665.
LaTeX Info: Redefining \] on input line 2666.
)
(/usr/share/texlive/texmf-dist/tex/latex/draftcopy/draftcopy.sty
Package: draftcopy 2002/02/25 v2.16
\draftcopy@hour=\count109
\draftcopy@minute=\count110

(/usr/share/texlive/texmf-dist/tex/latex/draftcopy/draftcopy.cfg)
Prints DRAFT on pages; does not show in your DVI viewer
) (/usr/share/texlive/texmf-dist/tex/latex/tools/enumerate.sty
Package: enumerate 1999/03/05 v3.00 enumerate extensions (DPC)
\@enLab=\toks25
)
(/usr/share/texlive/texmf-dist/tex/latex/graphics/lscape.sty
Package: lscape 2000/10/22 v3.01 Landscape Pages (DPC)
)
(/usr/share/texlive/texmf-dist/tex/latex/sidecap/sidecap.sty
Package: sidecap 2003/06/06 v1.6f SideCap Package (RN/HjG)

(/usr/share/texlive/texmf-dist/tex/latex/base/ifthen.sty
Package: ifthen 2001/05/26 v1.1c Standard LaTeX ifthen package (DPC)
)
\SC@BOXWD=\dimen121
\SC@CAPWD=\dimen122
\SC@tempdima=\dimen123
\SC@tempdimb=\dimen124
\c@SC@C=\count111
\SC@BOX=\box29
)
(/usr/share/texlive/texmf-dist/tex/latex/commath/commath.sty)
(/usr/share/texlive/texmf-dist/tex/latex/setspace/setspace.sty
Package: setspace 2011/12/19 v6.7a set line spacing
)
(/usr/share/texlive/texmf-dist/tex/latex/hyperref/hyperref.sty
Package: hyperref 2012/11/06 v6.83m Hypertext links for LaTeX

(/usr/share/texlive/texmf-dist/tex/generic/oberdiek/hobsub-hyperref.sty
Package: hobsub-hyperref 2012/05/28 v1.13 Bundle oberdiek, subset hyperref (HO)


(/usr/share/texlive/texmf-dist/tex/generic/oberdiek/hobsub-generic.sty
Package: hobsub-generic 2012/05/28 v1.13 Bundle oberdiek, subset generic (HO)
Package: hobsub 2012/05/28 v1.13 Construct package bundles (HO)
Package hobsub Info: Skipping package `infwarerr' (already loaded).
Package hobsub Info: Skipping package `ltxcmds' (already loaded).
Package hobsub Info: Skipping package `ifluatex' (already loaded).
Package: ifvtex 2010/03/01 v1.5 Detect VTeX and its facilities (HO)
Package ifvtex Info: VTeX not detected.
Package: intcalc 2007/09/27 v1.1 Expandable calculations with integers (HO)
Package hobsub Info: Skipping package `ifpdf' (already loaded).
Package hobsub Info: Skipping package `etexcmds' (already loaded).
Package hobsub Info: Skipping package `kvsetkeys' (already loaded).
Package hobsub Info: Skipping package `kvdefinekeys' (already loaded).
Package hobsub Info: Skipping package `pdftexcmds' (already loaded).
Package: pdfescape 2011/11/25 v1.13 Implements pdfTeX's escape features (HO)
Package: bigintcalc 2012/04/08 v1.3 Expandable calculations on big integers (HO
)
Package: bitset 2011/01/30 v1.1 Handle bit-vector datatype (HO)
Package: uniquecounter 2011/01/30 v1.2 Provide unlimited unique counter (HO)
)
Package hobsub Info: Skipping package `hobsub' (already loaded).
Package: letltxmacro 2010/09/02 v1.4 Let assignment for LaTeX macros (HO)
Package: hopatch 2012/05/28 v1.2 Wrapper for package hooks (HO)
Package: xcolor-patch 2011/01/30 xcolor patch
Package: atveryend 2011/06/30 v1.8 Hooks at the very end of document (HO)
Package atveryend Info: \enddocument detected (standard20110627).
Package: atbegshi 2011/10/05 v1.16 At begin shipout hook (HO)
Package: refcount 2011/10/16 v3.4 Data extraction from label references (HO)
Package: hycolor 2011/01/30 v1.7 Color options for hyperref/bookmark (HO)
)
(/usr/share/texlive/texmf-dist/tex/generic/ifxetex/ifxetex.sty
Package: ifxetex 2010/09/12 v0.6 Provides ifxetex conditional
)
(/usr/share/texlive/texmf-dist/tex/latex/oberdiek/auxhook.sty
Package: auxhook 2011/03/04 v1.3 Hooks for auxiliary files (HO)
)
\@linkdim=\dimen125
\Hy@linkcounter=\count112
\Hy@pagecounter=\count113

(/usr/share/texlive/texmf-dist/tex/latex/hyperref/pd1enc.def
File: pd1enc.def 2012/11/06 v6.83m Hyperref: PDFDocEncoding definition (HO)
)
\Hy@SavedSpaceFactor=\count114

(/usr/share/texlive/texmf-dist/tex/latex/latexconfig/hyperref.cfg
File: hyperref.cfg 2002/06/06 v1.2 hyperref configuration of TeXLive
)
Package hyperref Info: Hyper figures OFF on input line 4443.
Package hyperref Info: Link nesting OFF on input line 4448.
Package hyperref Info: Hyper index ON on input line 4451.
Package hyperref Info: Plain pages OFF on input line 4458.
Package hyperref Info: Backreferencing OFF on input line 4463.
Package hyperref Info: Implicit mode ON; LaTeX internals redefined.
Package hyperref Info: Bookmarks ON on input line 4688.
\c@Hy@tempcnt=\count115

(/usr/share/texlive/texmf-dist/tex/latex/url/url.sty
\Urlmuskip=\muskip11
Package: url 2013/09/16  ver 3.4  Verb mode for urls, etc.
)
LaTeX Info: Redefining \url on input line 5041.
\XeTeXLinkMargin=\dimen126
\Fld@menulength=\count116
\Field@Width=\dimen127
\Fld@charsize=\dimen128
Package hyperref Info: Hyper figures OFF on input line 6295.
Package hyperref Info: Link nesting OFF on input line 6300.
Package hyperref Info: Hyper index ON on input line 6303.
Package hyperref Info: backreferencing OFF on input line 6310.
Package hyperref Info: Link coloring OFF on input line 6315.
Package hyperref Info: Link coloring with OCG OFF on input line 6320.
Package hyperref Info: PDF/A mode OFF on input line 6325.
LaTeX Info: Redefining \ref on input line 6365.
LaTeX Info: Redefining \pageref on input line 6369.
\Hy@abspage=\count117
\c@Item=\count118
\c@Hfootnote=\count119
)

Package hyperref Message: Driver (autodetected): hpdftex.

(/usr/share/texlive/texmf-dist/tex/latex/hyperref/hpdftex.def
File: hpdftex.def 2012/11/06 v6.83m Hyperref driver for pdfTeX
\Fld@listcount=\count120
\c@bookmark@seq@number=\count121

(/usr/share/texlive/texmf-dist/tex/latex/oberdiek/rerunfilecheck.sty
Package: rerunfilecheck 2011/04/15 v1.7 Rerun checks for auxiliary files (HO)
Package uniquecounter Info: New unique counter `rerunfilecheck' on input line 2
82.
)
\Hy@SectionHShift=\skip46
)
(./analysis_note.aux

LaTeX Warning: Label `W_boson' multiply defined.


LaTeX Warning: Label `W_boson' multiply defined.

)
\openout1 = `analysis_note.aux'.

LaTeX Font Info:    Checking defaults for OML/cmm/m/it on input line 26.
LaTeX Font Info:    ... okay on input line 26.
LaTeX Font Info:    Checking defaults for T1/cmr/m/n on input line 26.
LaTeX Font Info:    ... okay on input line 26.
LaTeX Font Info:    Checking defaults for OT1/cmr/m/n on input line 26.
LaTeX Font Info:    ... okay on input line 26.
LaTeX Font Info:    Checking defaults for OMS/cmsy/m/n on input line 26.
LaTeX Font Info:    ... okay on input line 26.
LaTeX Font Info:    Checking defaults for OMX/cmex/m/n on input line 26.
LaTeX Font Info:    ... okay on input line 26.
LaTeX Font Info:    Checking defaults for U/cmr/m/n on input line 26.
LaTeX Font Info:    ... okay on input line 26.
LaTeX Font Info:    Checking defaults for PD1/pdf/m/n on input line 26.
LaTeX Font Info:    ... okay on input line 26.
LaTeX Font Info:    Try loading font information for OT1+ptm on input line 26.
 (/usr/share/texlive/texmf-dist/tex/latex/psnfss/ot1ptm.fd
File: ot1ptm.fd 2001/06/04 font definitions for OT1/ptm.
)
(/usr/share/texlive/texmf-dist/tex/context/base/supp-pdf.mkii
[Loading MPS to PDF converter (version 2006.09.02).]
\scratchcounter=\count122
\scratchdimen=\dimen129
\scratchbox=\box30
\nofMPsegments=\count123
\nofMParguments=\count124
\everyMPshowfont=\toks26
\MPscratchCnt=\count125
\MPscratchDim=\dimen130
\MPnumerator=\count126
\makeMPintoPDFobject=\count127
\everyMPtoPDFconversion=\toks27
) (/usr/share/texlive/texmf-dist/tex/latex/ms/ragged2e.sty
Package: ragged2e 2009/05/21 v2.1 ragged2e Package (MS)

(/usr/share/texlive/texmf-dist/tex/latex/ms/everysel.sty
Package: everysel 2011/10/28 v1.2 EverySelectfont Package (MS)

ABD: EverySelectfont initializing macros
LaTeX Info: Redefining \selectfont on input line 126.
)
\CenteringLeftskip=\skip47
\RaggedLeftLeftskip=\skip48
\RaggedRightLeftskip=\skip49
\CenteringRightskip=\skip50
\RaggedLeftRightskip=\skip51
\RaggedRightRightskip=\skip52
\CenteringParfillskip=\skip53
\RaggedLeftParfillskip=\skip54
\RaggedRightParfillskip=\skip55
\JustifyingParfillskip=\skip56
\CenteringParindent=\skip57
\RaggedLeftParindent=\skip58
\RaggedRightParindent=\skip59
\JustifyingParindent=\skip60
)
\AtBeginShipoutBox=\box31
Package hyperref Info: Link coloring OFF on input line 26.

(/usr/share/texlive/texmf-dist/tex/latex/hyperref/nameref.sty
Package: nameref 2012/10/27 v2.43 Cross-referencing by name of section

(/usr/share/texlive/texmf-dist/tex/generic/oberdiek/gettitlestring.sty
Package: gettitlestring 2010/12/03 v1.4 Cleanup title references (HO)
)
\c@section@level=\count128
)
LaTeX Info: Redefining \ref on input line 26.
LaTeX Info: Redefining \pageref on input line 26.
LaTeX Info: Redefining \nameref on input line 26.

(./analysis_note.out) (./analysis_note.out)
\@outlinefile=\write5
\openout5 = `analysis_note.out'.

LaTeX Font Info:    Font shape `OT1/ptm/bx/n' in size <14.4> not available
(Font)              Font shape `OT1/ptm/b/n' tried instead on input line 63.
LaTeX Font Info:    Try loading font information for OT1+phv on input line 63.

(/usr/share/texlive/texmf-dist/tex/latex/psnfss/ot1phv.fd
File: ot1phv.fd 2001/06/04 scalable font definitions for OT1/phv.
) (./analysis_note.toc
LaTeX Font Info:    Font shape `OT1/ptm/bx/n' in size <10> not available
(Font)              Font shape `OT1/ptm/b/n' tried instead on input line 1.
LaTeX Font Info:    Try loading font information for U+msa on input line 6.
(/usr/share/texlive/texmf-dist/tex/latex/amsfonts/umsa.fd
File: umsa.fd 2013/01/14 v3.01 AMS symbols A
)
LaTeX Font Info:    Try loading font information for U+msb on input line 6.

(/usr/share/texlive/texmf-dist/tex/latex/amsfonts/umsb.fd
File: umsb.fd 2013/01/14 v3.01 AMS symbols B
))
\tf@toc=\write6
\openout6 = `analysis_note.toc'.

 [1


Non-PDF special ignored!{/var/lib/texmf/fonts/map/pdftex/updmap/pdftex.map}]
Underfull \hbox (badness 10000) in paragraph at lines 71--75

 []

Missing character: There is no â in font ptmr7t!
Missing character: There is no € in font ptmr7t!
Missing character: There is no ™ in font ptmr7t!
[2

]
Missing character: There is no â in font ptmr7t!
Missing character: There is no € in font ptmr7t!
Missing character: There is no ™ in font ptmr7t!
 <diagrams/xsec_mass.png, id=128, 722.7pt x 542.025pt>
File: diagrams/xsec_mass.png Graphic file (type png)

<use diagrams/xsec_mass.png>
Package pdftex.def Info: diagrams/xsec_mass.png used on input line 102.
(pdftex.def)             Requested size: 361.3491pt x 271.01183pt.
 <diagrams/signal.png, id=130, 281.05pt x 160.6pt>
File: diagrams/signal.png Graphic file (type png)

<use diagrams/signal.png>
Package pdftex.def Info: diagrams/signal.png used on input line 110.
(pdftex.def)             Requested size: 148.95578pt x 85.11758pt.

<diagrams/SMsignal_b.png, id=131, 301.125pt x 160.6pt>
File: diagrams/SMsignal_b.png Graphic file (type png)

<use diagrams/SMsignal_b.png>
Package pdftex.def Info: diagrams/SMsignal_b.png used on input line 111.
(pdftex.def)             Requested size: 150.56212pt x 80.29979pt.

<diagrams/SMsignal_c.png, id=132, 301.125pt x 140.525pt>
File: diagrams/SMsignal_c.png Graphic file (type png)

<use diagrams/SMsignal_c.png>
Package pdftex.def Info: diagrams/SMsignal_c.png used on input line 114.
(pdftex.def)             Requested size: 150.56212pt x 70.26231pt.

<diagrams/SMsignal_d.png, id=133, 301.125pt x 140.525pt>
File: diagrams/SMsignal_d.png Graphic file (type png)

<use diagrams/SMsignal_d.png>
Package pdftex.def Info: diagrams/SMsignal_d.png used on input line 115.
(pdftex.def)             Requested size: 150.56212pt x 70.26231pt.

<genPlots/mtt_scalar.png, id=134, 621.32124pt x 473.77pt>
File: genPlots/mtt_scalar.png Graphic file (type png)

<use genPlots/mtt_scalar.png>
Package pdftex.def Info: genPlots/mtt_scalar.png used on input line 126.
(pdftex.def)             Requested size: 260.95314pt x 198.98204pt.

<genPlots/mtt_pscalar.png, id=135, 621.32124pt x 473.77pt>
File: genPlots/mtt_pscalar.png Graphic file (type png)

<use genPlots/mtt_pscalar.png>
Package pdftex.def Info: genPlots/mtt_pscalar.png used on input line 127.
(pdftex.def)             Requested size: 260.95314pt x 198.98204pt.

<genPlots/top_pt_scalar.png, id=136, 621.32124pt x 473.77pt>
File: genPlots/top_pt_scalar.png Graphic file (type png)

<use genPlots/top_pt_scalar.png>
Package pdftex.def Info: genPlots/top_pt_scalar.png used on input line 130.
(pdftex.def)             Requested size: 260.95314pt x 198.98204pt.

<genPlots/top_pt_pscalar.png, id=137, 621.32124pt x 473.77pt>
File: genPlots/top_pt_pscalar.png Graphic file (type png)

<use genPlots/top_pt_pscalar.png>
Package pdftex.def Info: genPlots/top_pt_pscalar.png used on input line 131.
(pdftex.def)             Requested size: 260.95314pt x 198.98204pt.

Overfull \hbox (47.29262pt too wide) in paragraph at lines 124--134
 [][] 
 []

[3 <./diagrams/xsec_mass.png>]
Overfull \hbox (21.59334pt too wide) in paragraph at lines 159--174
[][] 
 []

LaTeX Font Info:    Font shape `OT1/ptm/bx/n' in size <12> not available
(Font)              Font shape `OT1/ptm/b/n' tried instead on input line 179.
[4 <./diagrams/signal.png> <./diagrams/SMsignal_b.png> <./diagrams/SMsignal_c.p
ng> <./diagrams/SMsignal_d.png>] [5 <./genPlots/mtt_scalar.png> <./genPlots/mtt
_pscalar.png> <./genPlots/top_pt_scalar.png> <./genPlots/top_pt_pscalar.png>]
LaTeX Font Info:    Try loading font information for OMS+ptm on input line 186.


(/usr/share/texlive/texmf-dist/tex/latex/psnfss/omsptm.fd
File: omsptm.fd 
)
LaTeX Font Info:    Font shape `OMS/ptm/m/n' in size <10> not available
(Font)              Font shape `OMS/cmsy/m/n' tried instead on input line 186.
 [6]
<genPlots/btagged/bTagEffVsMistagRate_c.png, id=187, 798.985pt x 774.895pt>
File: genPlots/btagged/bTagEffVsMistagRate_c.png Graphic file (type png)

<use genPlots/btagged/bTagEffVsMistagRate_c.png>
Package pdftex.def Info: genPlots/btagged/bTagEffVsMistagRate_c.png used on inp
ut line 225.
(pdftex.def)             Requested size: 239.69734pt x 232.47029pt.

<genPlots/btagged/bTagEffVsMistagRate_udsg.png, id=188, 798.985pt x 774.895pt>
File: genPlots/btagged/bTagEffVsMistagRate_udsg.png Graphic file (type png)

<use genPlots/btagged/bTagEffVsMistagRate_udsg.png>
Package pdftex.def Info: genPlots/btagged/bTagEffVsMistagRate_udsg.png used on 
input line 226.
(pdftex.def)             Requested size: 239.69734pt x 232.47029pt.

Overfull \hbox (21.85242pt too wide) in paragraph at lines 223--229
 [][] 
 []


<genPlots/btagged/pfCSVv2IVF_discriminator.png, id=189, 1200.485pt x 774.895pt>
File: genPlots/btagged/pfCSVv2IVF_discriminator.png Graphic file (type png)
<use genPlots/btagged/pfCSVv2IVF_discriminator.png>
Package pdftex.def Info: genPlots/btagged/pfCSVv2IVF_discriminator.png used on 
input line 236.
(pdftex.def)             Requested size: 240.09274pt x 154.97626pt.

<genPlots/btagged/pfCSVv2IVF_discriminator_log.png, id=190, 1200.485pt x 774.89
5pt>
File: genPlots/btagged/pfCSVv2IVF_discriminator_log.png Graphic file (type png)

 <use genPlots/btagged/pfCSVv2IVF_discriminator_log.png>
Package pdftex.def Info: genPlots/btagged/pfCSVv2IVF_discriminator_log.png used
 on input line 237.
(pdftex.def)             Requested size: 240.09274pt x 154.97626pt.

<genPlots/btagged/bTaggingEfficiency_pfCSVv2IVFM.png, id=191, 1200.485pt x 774.
895pt>
File: genPlots/btagged/bTaggingEfficiency_pfCSVv2IVFM.png Graphic file (type pn
g)
 <use genPlots/btagged/bTaggingEfficiency_pfCSVv2IVFM.png>
Package pdftex.def Info: genPlots/btagged/bTaggingEfficiency_pfCSVv2IVFM.png us
ed on input line 240.
(pdftex.def)             Requested size: 240.09274pt x 154.97626pt.

<genPlots/btagged/MistagRate_pfCSVv2IVFM.png, id=192, 1200.485pt x 774.895pt>
File: genPlots/btagged/MistagRate_pfCSVv2IVFM.png Graphic file (type png)

<use genPlots/btagged/MistagRate_pfCSVv2IVFM.png>
Package pdftex.def Info: genPlots/btagged/MistagRate_pfCSVv2IVFM.png used on in
put line 241.
(pdftex.def)             Requested size: 240.09274pt x 154.97626pt.

Overfull \hbox (25.48868pt too wide) in paragraph at lines 234--244
 [][] 
 []

<diagrams/higgs_tottbar.png, id=193, 602.25pt x 301.125pt>
File: diagrams/higgs_tottbar.png Graphic file (type png)

<use diagrams/higgs_tottbar.png>
Package pdftex.def Info: diagrams/higgs_tottbar.png used on input line 257.
(pdftex.def)             Requested size: 240.89572pt x 120.44786pt.

<results/EvtInfo_NumVtx.png, id=194, 621.32124pt x 473.77pt>
File: results/EvtInfo_NumVtx.png Graphic file (type png)

<use results/EvtInfo_NumVtx.png>
Package pdftex.def Info: results/EvtInfo_NumVtx.png used on input line 270.
(pdftex.def)             Requested size: 248.5241pt x 189.50464pt.

<results/EvtInfo_NumVtx_w.png, id=195, 621.32124pt x 473.77pt>
File: results/EvtInfo_NumVtx_w.png Graphic file (type png)

<use results/EvtInfo_NumVtx_w.png>
Package pdftex.def Info: results/EvtInfo_NumVtx_w.png used on input line 271.
(pdftex.def)             Requested size: 248.5241pt x 189.50464pt.

<results/IsoDbeta_.png, id=196, 621.32124pt x 473.77pt>
File: results/IsoDbeta_.png Graphic file (type png)

<use results/IsoDbeta_.png>
Package pdftex.def Info: results/IsoDbeta_.png used on input line 274.
(pdftex.def)             Requested size: 248.5241pt x 189.50464pt.

<results/Jet_cMult.png, id=197, 621.32124pt x 473.77pt>
File: results/Jet_cMult.png Graphic file (type png)

<use results/Jet_cMult.png>
Package pdftex.def Info: results/Jet_cMult.png used on input line 275.
(pdftex.def)             Requested size: 248.5241pt x 189.50464pt.

Overfull \hbox (42.35138pt too wide) in paragraph at lines 268--278
 [][] 
 []

[7 <./genPlots/btagged/bTagEffVsMistagRate_c.png> <./genPlots/btagged/bTagEffVs
MistagRate_udsg.png>] [8 <./genPlots/btagged/pfCSVv2IVF_discriminator.png> <./g
enPlots/btagged/pfCSVv2IVF_discriminator_log.png> <./genPlots/btagged/bTaggingE
fficiency_pfCSVv2IVFM.png> <./genPlots/btagged/MistagRate_pfCSVv2IVFM.png> <./d
iagrams/higgs_tottbar.png>]
<results/PtJet1.png, id=212, 621.32124pt x 473.77pt>
File: results/PtJet1.png Graphic file (type png)
 <use results/PtJet1.png>
Package pdftex.def Info: results/PtJet1.png used on input line 286.
(pdftex.def)             Requested size: 248.5241pt x 189.50464pt.

<results/PtJet2.png, id=213, 621.32124pt x 473.77pt>
File: results/PtJet2.png Graphic file (type png)
 <use results/PtJet2.png>
Package pdftex.def Info: results/PtJet2.png used on input line 287.
(pdftex.def)             Requested size: 248.5241pt x 189.50464pt.

<results/PtJet3.png, id=214, 621.32124pt x 473.77pt>
File: results/PtJet3.png Graphic file (type png)
 <use results/PtJet3.png>
Package pdftex.def Info: results/PtJet3.png used on input line 290.
(pdftex.def)             Requested size: 248.5241pt x 189.50464pt.

<results/PtJet4.png, id=215, 621.32124pt x 473.77pt>
File: results/PtJet4.png Graphic file (type png)
 <use results/PtJet4.png>
Package pdftex.def Info: results/PtJet4.png used on input line 291.
(pdftex.def)             Requested size: 248.5241pt x 189.50464pt.

Overfull \hbox (42.35138pt too wide) in paragraph at lines 284--294
 [][] 
 []

<results/EtaJet1.png, id=216, 621.32124pt x 473.77pt>
File: results/EtaJet1.png Graphic file (type png)

<use results/EtaJet1.png>
Package pdftex.def Info: results/EtaJet1.png used on input line 301.
(pdftex.def)             Requested size: 248.5241pt x 189.50464pt.

<results/EtaJet2.png, id=217, 621.32124pt x 473.77pt>
File: results/EtaJet2.png Graphic file (type png)

<use results/EtaJet2.png>
Package pdftex.def Info: results/EtaJet2.png used on input line 302.
(pdftex.def)             Requested size: 248.5241pt x 189.50464pt.

<results/EtaJet3.png, id=218, 621.32124pt x 473.77pt>
File: results/EtaJet3.png Graphic file (type png)

<use results/EtaJet3.png>
Package pdftex.def Info: results/EtaJet3.png used on input line 305.
(pdftex.def)             Requested size: 248.5241pt x 189.50464pt.

<results/EtaJet4.png, id=219, 621.32124pt x 473.77pt>
File: results/EtaJet4.png Graphic file (type png)

<use results/EtaJet4.png>
Package pdftex.def Info: results/EtaJet4.png used on input line 306.
(pdftex.def)             Requested size: 248.5241pt x 189.50464pt.

Overfull \hbox (42.35138pt too wide) in paragraph at lines 299--309
 [][] 
 []

<results/Pt_bJet1.png, id=220, 621.32124pt x 473.77pt>
File: results/Pt_bJet1.png Graphic file (type png)

<use results/Pt_bJet1.png>
Package pdftex.def Info: results/Pt_bJet1.png used on input line 316.
(pdftex.def)             Requested size: 248.5241pt x 189.50464pt.

<results/Pt_bJet2.png, id=221, 621.32124pt x 473.77pt>
File: results/Pt_bJet2.png Graphic file (type png)

<use results/Pt_bJet2.png>
Package pdftex.def Info: results/Pt_bJet2.png used on input line 317.
(pdftex.def)             Requested size: 248.5241pt x 189.50464pt.

<results/Eta_bJet1.png, id=222, 621.32124pt x 473.77pt>
File: results/Eta_bJet1.png Graphic file (type png)

<use results/Eta_bJet1.png>
Package pdftex.def Info: results/Eta_bJet1.png used on input line 320.
(pdftex.def)             Requested size: 248.5241pt x 189.50464pt.

<results/Eta_bJet2.png, id=223, 621.32124pt x 473.77pt>
File: results/Eta_bJet2.png Graphic file (type png)

<use results/Eta_bJet2.png>
Package pdftex.def Info: results/Eta_bJet2.png used on input line 321.
(pdftex.def)             Requested size: 248.5241pt x 189.50464pt.

Overfull \hbox (42.35138pt too wide) in paragraph at lines 314--324
 [][] 
 []

<results/Pt_lJet1.png, id=224, 621.32124pt x 473.77pt>
File: results/Pt_lJet1.png Graphic file (type png)

<use results/Pt_lJet1.png>
Package pdftex.def Info: results/Pt_lJet1.png used on input line 331.
(pdftex.def)             Requested size: 248.5241pt x 189.50464pt.

<results/Pt_lJet2.png, id=225, 621.32124pt x 473.77pt>
File: results/Pt_lJet2.png Graphic file (type png)

<use results/Pt_lJet2.png>
Package pdftex.def Info: results/Pt_lJet2.png used on input line 332.
(pdftex.def)             Requested size: 248.5241pt x 189.50464pt.

<results/Eta_lJet1.png, id=226, 621.32124pt x 473.77pt>
File: results/Eta_lJet1.png Graphic file (type png)

<use results/Eta_lJet1.png>
Package pdftex.def Info: results/Eta_lJet1.png used on input line 335.
(pdftex.def)             Requested size: 248.5241pt x 189.50464pt.

<results/Eta_lJet2.png, id=227, 621.32124pt x 473.77pt>
File: results/Eta_lJet2.png Graphic file (type png)

<use results/Eta_lJet2.png>
Package pdftex.def Info: results/Eta_lJet2.png used on input line 336.
(pdftex.def)             Requested size: 248.5241pt x 189.50464pt.

Overfull \hbox (42.35138pt too wide) in paragraph at lines 329--339
 [][] 
 []

<results/Pt_muon.png, id=228, 621.32124pt x 473.77pt>
File: results/Pt_muon.png Graphic file (type png)

<use results/Pt_muon.png>
Package pdftex.def Info: results/Pt_muon.png used on input line 346.
(pdftex.def)             Requested size: 248.5241pt x 189.50464pt.
 <results/MET_E.png, id=229, 621.32124pt x 473.77pt>
File: results/MET_E.png Graphic file (type png)

<use results/MET_E.png>
Package pdftex.def Info: results/MET_E.png used on input line 347.
(pdftex.def)             Requested size: 248.5241pt x 189.50464pt.

<results/No_ofJets.png, id=230, 621.32124pt x 473.77pt>
File: results/No_ofJets.png Graphic file (type png)

<use results/No_ofJets.png>
Package pdftex.def Info: results/No_ofJets.png used on input line 350.
(pdftex.def)             Requested size: 248.5241pt x 189.50464pt.

<results/n_bJets.png, id=231, 621.32124pt x 473.77pt>
File: results/n_bJets.png Graphic file (type png)

<use results/n_bJets.png>
Package pdftex.def Info: results/n_bJets.png used on input line 351.
(pdftex.def)             Requested size: 248.5241pt x 189.50464pt.

Overfull \hbox (42.35138pt too wide) in paragraph at lines 344--354
 [][] 
 []

<results/M_hadW.png, id=232, 621.32124pt x 473.77pt>
File: results/M_hadW.png Graphic file (type png)
 <use results/M_hadW.png>
Package pdftex.def Info: results/M_hadW.png used on input line 361.
(pdftex.def)             Requested size: 248.5241pt x 189.50464pt.

<results/mass_LepW.png, id=233, 621.32124pt x 473.77pt>
File: results/mass_LepW.png Graphic file (type png)

<use results/mass_LepW.png>
Package pdftex.def Info: results/mass_LepW.png used on input line 362.
(pdftex.def)             Requested size: 248.5241pt x 189.50464pt.

<results/Pt_hadW.png, id=234, 621.32124pt x 473.77pt>
File: results/Pt_hadW.png Graphic file (type png)

<use results/Pt_hadW.png>
Package pdftex.def Info: results/Pt_hadW.png used on input line 365.
(pdftex.def)             Requested size: 248.5241pt x 189.50464pt.

<results/Pt_LepW.png, id=235, 621.32124pt x 473.77pt>
File: results/Pt_LepW.png Graphic file (type png)

<use results/Pt_LepW.png>
Package pdftex.def Info: results/Pt_LepW.png used on input line 366.
(pdftex.def)             Requested size: 248.5241pt x 189.50464pt.

Overfull \hbox (42.35138pt too wide) in paragraph at lines 359--369
 [][] 
 []

<results/M_hadTop.png, id=236, 621.32124pt x 473.77pt>
File: results/M_hadTop.png Graphic file (type png)

<use results/M_hadTop.png>
Package pdftex.def Info: results/M_hadTop.png used on input line 376.
(pdftex.def)             Requested size: 248.5241pt x 189.50464pt.

<results/M_lepTop.png, id=237, 621.32124pt x 473.77pt>
File: results/M_lepTop.png Graphic file (type png)

<use results/M_lepTop.png>
Package pdftex.def Info: results/M_lepTop.png used on input line 377.
(pdftex.def)             Requested size: 248.5241pt x 189.50464pt.

<results/Pt_hadTop.png, id=238, 621.32124pt x 473.77pt>
File: results/Pt_hadTop.png Graphic file (type png)

<use results/Pt_hadTop.png>
Package pdftex.def Info: results/Pt_hadTop.png used on input line 380.
(pdftex.def)             Requested size: 248.5241pt x 189.50464pt.

<results/Pt_lepTop.png, id=239, 621.32124pt x 473.77pt>
File: results/Pt_lepTop.png Graphic file (type png)

<use results/Pt_lepTop.png>
Package pdftex.def Info: results/Pt_lepTop.png used on input line 381.
(pdftex.def)             Requested size: 248.5241pt x 189.50464pt.

Overfull \hbox (42.35138pt too wide) in paragraph at lines 374--384
 [][] 
 []

<results/Mass_H.png, id=240, 621.32124pt x 473.77pt>
File: results/Mass_H.png Graphic file (type png)
 <use results/Mass_H.png>
Package pdftex.def Info: results/Mass_H.png used on input line 391.
(pdftex.def)             Requested size: 248.5241pt x 189.50464pt.

<results/Pt_H.png, id=241, 621.32124pt x 473.77pt>
File: results/Pt_H.png Graphic file (type png)
 <use results/Pt_H.png>
Package pdftex.def Info: results/Pt_H.png used on input line 392.
(pdftex.def)             Requested size: 248.5241pt x 189.50464pt.

Overfull \hbox (42.35138pt too wide) in paragraph at lines 389--399
 [][] 
 []

[9 <./results/EvtInfo_NumVtx.png> <./results/EvtInfo_NumVtx_w.png> <./results/I
soDbeta_.png> <./results/Jet_cMult.png>] [10 <./results/PtJet1.png> <./results/
PtJet2.png> <./results/PtJet3.png> <./results/PtJet4.png>] [11 <./results/EtaJe
t1.png> <./results/EtaJet2.png> <./results/EtaJet3.png> <./results/EtaJet4.png>
] [12 <./results/Pt_bJet1.png> <./results/Pt_bJet2.png> <./results/Eta_bJet1.pn
g> <./results/Eta_bJet2.png>] [13 <./results/Pt_lJet1.png> <./results/Pt_lJet2.
png> <./results/Eta_lJet1.png> <./results/Eta_lJet2.png>] [14 <./results/Pt_muo
n.png> <./results/MET_E.png> <./results/No_ofJets.png> <./results/n_bJets.png>]
[15 <./results/M_hadW.png> <./results/mass_LepW.png> <./results/Pt_hadW.png> <.
/results/Pt_LepW.png>] [16 <./results/M_hadTop.png> <./results/M_lepTop.png> <.
/results/Pt_hadTop.png> <./results/Pt_lepTop.png> <./results/Mass_H.png> <./res
ults/Pt_H.png>] [17

]
LaTeX Font Info:    Try loading font information for OT1+pcr on input line 418.

 (/usr/share/texlive/texmf-dist/tex/latex/psnfss/ot1pcr.fd
File: ot1pcr.fd 2001/06/04 font definitions for OT1/pcr.
)
Underfull \hbox (badness 1189) in paragraph at lines 418--419
[]\OT1/ptm/m/n/10 CMS Col-lab-o-ra-tion, ``Ob-ser-va-tion of a new bo-son at a 
mass of 125 GeV with the CMS ex-per-i-
 []


Underfull \hbox (badness 1082) in paragraph at lines 418--419
\OT1/ptm/m/n/10 ment at the LHC", \OT1/ptm/m/it/10 Phys. Lett. \OT1/ptm/b/n/10 
B 716 \OT1/ptm/m/n/10 (2012) 30, []\OT1/pcr/m/n/10 doi:10.1016/j.physletb.2012.
08.021[]\OT1/ptm/m/n/10 ,
 []


Underfull \hbox (badness 3471) in paragraph at lines 419--420
[]\OT1/ptm/m/n/10 ATLAS Col-lab-o-ra-tion, ``Ob-ser-va-tion of a New Par-ti-cle
 in the Search for the Stan-dard Model
 []


Underfull \hbox (badness 10000) in paragraph at lines 419--420
\OT1/ptm/m/n/10 Higgs Bo-son with the AT-LAS De-tec-tor at the LHC", \OT1/ptm/m
/it/10 Phys. Lett\OT1/ptm/m/n/10 . \OT1/ptm/b/n/10 B 716 \OT1/ptm/m/n/10 (2012)
 1-29,
 []


Underfull \hbox (badness 2245) in paragraph at lines 421--422
[]\OT1/ptm/m/n/10 G. C. Branco et al., ``The-ory and phe-nomenol-ogy of two-Hig
gs-doublet mod-els", \OT1/ptm/m/it/10 Phys. Re-port\OT1/ptm/m/n/10 ,
 []


Underfull \hbox (badness 10000) in paragraph at lines 423--424
[]\OT1/ptm/m/n/10 CMS Col-lab-o-ra-tion, ``The Mag-net Project Tech-ni-cal De-s
ign Re-port", CERN-LHCC-97-010,
 []


Underfull \hbox (badness 7796) in paragraph at lines 424--425
[]\OT1/ptm/m/n/10 M. Tyt-gat et al., ``The Up-grade of the CMS RPC Sys-tem dur-
ing the First LHC Long
 []


Underfull \hbox (badness 10000) in paragraph at lines 424--425
\OT1/ptm/m/n/10 Shut-down", XI work-shop on Re-sis-tive Plate Cham-bers and Re-
lated De-tec-tors (RPC2012),
 []


Underfull \hbox (badness 6510) in paragraph at lines 425--426
[]\OT1/ptm/m/n/10 CMS Col-lab-o-ra-tion, ``The CMS ex-per-i-ment at the CERN LH
C", \OT1/ptm/m/it/10 JINST \OT1/ptm/b/n/10 3 \OT1/ptm/m/n/10 (2008) S08004,
 []


Underfull \hbox (badness 3872) in paragraph at lines 426--427
[]\OT1/ptm/m/n/10 J. Al-wall et al., ``The au-to-mated com-pu-ta-tion of tree-l
evel and next-to-leading or-der dif-fer-en-
 []


Underfull \hbox (badness 5771) in paragraph at lines 426--427
\OT1/ptm/m/n/10 tial cross sec-tions, and their match-ing to par-ton shower sim
-u-la-tions", \OT1/ptm/m/it/10 JHEP \OT1/ptm/b/n/10 07 \OT1/ptm/m/n/10 (2014)07
9,
 []


Underfull \hbox (badness 10000) in paragraph at lines 434--435
[]\OT1/ptm/m/n/10 M. Cac-ciari et al., ``The anti-$\OML/cmm/m/it/10 k[]$ \OT1/p
tm/m/n/10 jet clus-ter-ing al-go-rithm", \OT1/ptm/m/it/10 JHEP \OT1/ptm/b/n/10 
04 \OT1/ptm/m/n/10 (2008)063,
 []

Package atveryend Info: Empty hook `BeforeClearDocument' on input line 449.
[18

]
Package atveryend Info: Empty hook `AfterLastShipout' on input line 449.
 (./analysis_note.aux)
Package atveryend Info: Executing hook `AtVeryEndDocument' on input line 449.
Package atveryend Info: Executing hook `AtEndAfterFileList' on input line 449.
Package rerunfilecheck Info: File `analysis_note.out' has not changed.
(rerunfilecheck)             Checksum: 28B5D7AB2260E53A35BABFE90DCBD5EE;866.


LaTeX Warning: There were multiply-defined labels.

Package atveryend Info: Empty hook `AtVeryVeryEnd' on input line 449.
 ) 
Here is how much of TeX's memory you used:
 7394 strings out of 493304
 108443 string characters out of 6139871
 199550 words of memory out of 5000000
 10583 multiletter control sequences out of 15000+600000
 18209 words of font info for 42 fonts, out of 8000000 for 9000
 957 hyphenation exceptions out of 8191
 42i,13n,28p,1078b,368s stack positions out of 5000i,500n,10000p,200000b,80000s
{/usr/share/texlive/texmf-dist/fonts/enc/dvips/base/8r.enc}</usr/share/texliv
e/texmf-dist/fonts/type1/public/amsfonts/cm/cmbx10.pfb></usr/share/texlive/texm
f-dist/fonts/type1/public/amsfonts/cm/cmex10.pfb></usr/share/texlive/texmf-dist
/fonts/type1/public/amsfonts/cm/cmmi10.pfb></usr/share/texlive/texmf-dist/fonts
/type1/public/amsfonts/cm/cmmi5.pfb></usr/share/texlive/texmf-dist/fonts/type1/
public/amsfonts/cm/cmmi7.pfb></usr/share/texlive/texmf-dist/fonts/type1/public/
amsfonts/cm/cmr10.pfb></usr/share/texlive/texmf-dist/fonts/type1/public/amsfont
s/cm/cmr5.pfb></usr/share/texlive/texmf-dist/fonts/type1/public/amsfonts/cm/cmr
7.pfb></usr/share/texlive/texmf-dist/fonts/type1/public/amsfonts/cm/cmsy10.pfb>
</usr/share/texlive/texmf-dist/fonts/type1/public/amsfonts/cm/cmsy7.pfb></usr/s
hare/texlive/texmf-dist/fonts/type1/urw/courier/ucrr8a.pfb></usr/share/texlive/
texmf-dist/fonts/type1/urw/helvetic/uhvr8a.pfb></usr/share/texlive/texmf-dist/f
onts/type1/urw/times/utmb8a.pfb></usr/share/texlive/texmf-dist/fonts/type1/urw/
times/utmr8a.pfb></usr/share/texlive/texmf-dist/fonts/type1/urw/times/utmri8a.p
fb>
Output written on analysis_note.pdf (18 pages, 889124 bytes).
PDF statistics:
 392 PDF objects out of 1000 (max. 8388607)
 298 compressed objects within 3 object streams
 76 named destinations out of 1000 (max. 500000)
 363 words of extra memory for PDF output out of 10000 (max. 10000000)

